<?xml version="1.0" encoding="UTF-8"?>
<testsuite xmlns:xsi="http://www.w3.org/2001/XMLSchema-instance" xsi:noNamespaceSchemaLocation="https://maven.apache.org/surefire/maven-surefire-plugin/xsd/surefire-test-report-3.0.xsd" version="3.0" name="com.proyectorentacar.app.ProyectoRentaCarApplicationTests" time="4.54" tests="1" errors="0" skipped="0" failures="0">
  <properties>
[...]
</properties>
  <testcase name="contextLoads" classname="com.proyectorentacar.app.ProyectoRentaCarApplicationTests" time="0.966">
    <system-out><![CDATA[23:02:48.717 [main] INFO org.springframework.test.context.support.AnnotationConfigContextLoaderUtils -- Could not detect default configuration classes for test class [com.proyectorentacar.app.ProyectoRentaCarApplicationTests]: ProyectoRentaCarApplicationTests does not declare any static, non-private, non-final, nested classes annotated with @Configuration.
23:02:48.815 [main] INFO org.springframework.boot.test.context.SpringBootTestContextBootstrapper -- Found @SpringBootConfiguration com.proyectorentacar.app.ProyectoRentaCarApplication for test class com.proyectorentacar.app.ProyectoRentaCarApplicationTests
23:02:49.057 [main] INFO org.springframework.boot.devtools.restart.RestartApplicationListener -- Restart disabled due to context in which it is running

  .   ____          _            __ _ _
 /\\ / ___'_ __ _ _(_)_ __  __ _ \ \ \ \
( ( )\___ | '_ | '_| | '_ \/ _` | \ \ \ \
 \\/  ___)| |_)| | | | | || (_| |  ) ) ) )
  '  |____| .__|_| |_|_| |_\__, | / / / /
 =========|_|==============|___/=/_/_/_/
 :: Spring Boot ::                (v3.1.5)

2023-11-25T23:02:49.328-05:00  INFO 21908 --- [           main] c.p.a.ProyectoRentaCarApplicationTests   : Starting ProyectoRentaCarApplicationTests using Java 17.0.8.1 with PID 21908 (started by Cesar Ojeda in C:\WorkspaceCesar\ProyectoRentaCar)
2023-11-25T23:02:49.329-05:00  INFO 21908 --- [           main] c.p.a.ProyectoRentaCarApplicationTests   : No active profile set, falling back to 1 default profile: "default"
2023-11-25T23:02:49.967-05:00  INFO 21908 --- [           main] .s.d.r.c.RepositoryConfigurationDelegate : Bootstrapping Spring Data MongoDB repositories in DEFAULT mode.
2023-11-25T23:02:50.042-05:00  INFO 21908 --- [           main] .s.d.r.c.RepositoryConfigurationDelegate : Finished Spring Data repository scanning in 66 ms. Found 5 MongoDB repository interfaces.
2023-11-25T23:02:50.775-05:00  INFO 21908 --- [           main] org.mongodb.driver.client                : MongoClient with metadata {"driver": {"name": "mongo-java-driver|sync|spring-boot", "version": "4.9.1"}, "os": {"type": "Windows", "name": "Windows 11", "architecture": "amd64", "version": "10.0"}, "platform": "Java/Eclipse Adoptium/17.0.8.1+1"} created with settings MongoClientSettings{readPreference=primary, writeConcern=WriteConcern{w=null, wTimeout=null ms, journal=null}, retryWrites=true, retryReads=true, readConcern=ReadConcern{level=null}, credential=MongoCredential{mechanism=null, userName='juan', source='admin', password=<hidden>, mechanismProperties=<hidden>}, streamFactoryFactory=null, commandListeners=[], codecRegistry=ProvidersCodecRegistry{codecProviders=[ValueCodecProvider{}, BsonValueCodecProvider{}, DBRefCodecProvider{}, DBObjectCodecProvider{}, DocumentCodecProvider{}, CollectionCodecProvider{}, IterableCodecProvider{}, MapCodecProvider{}, GeoJsonCodecProvider{}, GridFSFileCodecProvider{}, Jsr310CodecProvider{}, JsonObjectCodecProvider{}, BsonCodecProvider{}, EnumCodecProvider{}, com.mongodb.client.model.mql.ExpressionCodecProvider@73c31181, com.mongodb.Jep395RecordCodecProvider@3d620a1]}, loggerSettings=LoggerSettings{maxDocumentLength=1000}, clusterSettings={hosts=[127.0.0.1:27017], srvHost=clusterjuan.ykzzknj.mongodb.net, srvServiceName=mongodb, mode=MULTIPLE, requiredClusterType=REPLICA_SET, requiredReplicaSetName='atlas-105hjw-shard-0', serverSelector='null', clusterListeners='[]', serverSelectionTimeout='30000 ms', localThreshold='30000 ms'}, socketSettings=SocketSettings{connectTimeoutMS=10000, readTimeoutMS=0, receiveBufferSize=0, sendBufferSize=0}, heartbeatSocketSettings=SocketSettings{connectTimeoutMS=10000, readTimeoutMS=10000, receiveBufferSize=0, sendBufferSize=0}, connectionPoolSettings=ConnectionPoolSettings{maxSize=100, minSize=0, maxWaitTimeMS=120000, maxConnectionLifeTimeMS=0, maxConnectionIdleTimeMS=0, maintenanceInitialDelayMS=0, maintenanceFrequencyMS=60000, connectionPoolListeners=[], maxConnecting=2}, serverSettings=ServerSettings{heartbeatFrequencyMS=10000, minHeartbeatFrequencyMS=500, serverListeners='[]', serverMonitorListeners='[]'}, sslSettings=SslSettings{enabled=true, invalidHostNameAllowed=false, context=null}, applicationName='null', compressorList=[], uuidRepresentation=JAVA_LEGACY, serverApi=null, autoEncryptionSettings=null, contextProvider=null}
2023-11-25T23:02:50.936-05:00  INFO 21908 --- [knj.mongodb.net] org.mongodb.driver.cluster               : Adding discovered server ac-ttiuich-shard-00-02.ykzzknj.mongodb.net:27017 to client view of cluster
2023-11-25T23:02:50.960-05:00  INFO 21908 --- [knj.mongodb.net] org.mongodb.driver.cluster               : Adding discovered server ac-ttiuich-shard-00-00.ykzzknj.mongodb.net:27017 to client view of cluster
2023-11-25T23:02:50.963-05:00  INFO 21908 --- [knj.mongodb.net] org.mongodb.driver.cluster               : Adding discovered server ac-ttiuich-shard-00-01.ykzzknj.mongodb.net:27017 to client view of cluster
2023-11-25T23:02:52.091-05:00  INFO 21908 --- [           main] c.p.a.ProyectoRentaCarApplicationTests   : Started ProyectoRentaCarApplicationTests in 3.044 seconds (process running for 4.24)
2023-11-25T23:02:52.191-05:00  INFO 21908 --- [ngodb.net:27017] org.mongodb.driver.cluster               : Monitor thread successfully connected to server with description ServerDescription{address=ac-ttiuich-shard-00-00.ykzzknj.mongodb.net:27017, type=REPLICA_SET_SECONDARY, state=CONNECTED, ok=true, minWireVersion=0, maxWireVersion=17, maxDocumentSize=16777216, logicalSessionTimeoutMinutes=30, roundTripTimeNanos=621399200, setName='atlas-105hjw-shard-0', canonicalAddress=ac-ttiuich-shard-00-00.ykzzknj.mongodb.net:27017, hosts=[ac-ttiuich-shard-00-02.ykzzknj.mongodb.net:27017, ac-ttiuich-shard-00-01.ykzzknj.mongodb.net:27017, ac-ttiuich-shard-00-00.ykzzknj.mongodb.net:27017], passives=[], arbiters=[], primary='ac-ttiuich-shard-00-02.ykzzknj.mongodb.net:27017', tagSet=TagSet{[Tag{name='availabilityZone', value='sae1-az1'}, Tag{name='nodeType', value='ELECTABLE'}, Tag{name='provider', value='AWS'}, Tag{name='region', value='SA_EAST_1'}, Tag{name='workloadType', value='OPERATIONAL'}]}, electionId=null, setVersion=2, topologyVersion=TopologyVersion{processId=655e460c4bb99fd5945f0358, counter=4}, lastWriteDate=Sat Nov 25 23:02:52 COT 2023, lastUpdateTimeNanos=818303265998800}
2023-11-25T23:02:52.191-05:00  INFO 21908 --- [ngodb.net:27017] org.mongodb.driver.cluster               : Monitor thread successfully connected to server with description ServerDescription{address=ac-ttiuich-shard-00-01.ykzzknj.mongodb.net:27017, type=REPLICA_SET_SECONDARY, state=CONNECTED, ok=true, minWireVersion=0, maxWireVersion=17, maxDocumentSize=16777216, logicalSessionTimeoutMinutes=30, roundTripTimeNanos=603403700, setName='atlas-105hjw-shard-0', canonicalAddress=ac-ttiuich-shard-00-01.ykzzknj.mongodb.net:27017, hosts=[ac-ttiuich-shard-00-02.ykzzknj.mongodb.net:27017, ac-ttiuich-shard-00-01.ykzzknj.mongodb.net:27017, ac-ttiuich-shard-00-00.ykzzknj.mongodb.net:27017], passives=[], arbiters=[], primary='ac-ttiuich-shard-00-02.ykzzknj.mongodb.net:27017', tagSet=TagSet{[Tag{name='availabilityZone', value='sae1-az3'}, Tag{name='nodeType', value='ELECTABLE'}, Tag{name='provider', value='AWS'}, Tag{name='region', value='SA_EAST_1'}, Tag{name='workloadType', value='OPERATIONAL'}]}, electionId=null, setVersion=2, topologyVersion=TopologyVersion{processId=655e4a762a1dae52e7514db4, counter=3}, lastWriteDate=Sat Nov 25 23:02:52 COT 2023, lastUpdateTimeNanos=818303265998800}
2023-11-25T23:02:52.191-05:00  INFO 21908 --- [ngodb.net:27017] org.mongodb.driver.cluster               : Monitor thread successfully connected to server with description ServerDescription{address=ac-ttiuich-shard-00-02.ykzzknj.mongodb.net:27017, type=REPLICA_SET_PRIMARY, state=CONNECTED, ok=true, minWireVersion=0, maxWireVersion=17, maxDocumentSize=16777216, logicalSessionTimeoutMinutes=30, roundTripTimeNanos=620053100, setName='atlas-105hjw-shard-0', canonicalAddress=ac-ttiuich-shard-00-02.ykzzknj.mongodb.net:27017, hosts=[ac-ttiuich-shard-00-02.ykzzknj.mongodb.net:27017, ac-ttiuich-shard-00-01.ykzzknj.mongodb.net:27017, ac-ttiuich-shard-00-00.ykzzknj.mongodb.net:27017], passives=[], arbiters=[], primary='ac-ttiuich-shard-00-02.ykzzknj.mongodb.net:27017', tagSet=TagSet{[Tag{name='availabilityZone', value='sae1-az2'}, Tag{name='nodeType', value='ELECTABLE'}, Tag{name='provider', value='AWS'}, Tag{name='region', value='SA_EAST_1'}, Tag{name='workloadType', value='OPERATIONAL'}]}, electionId=7fffffff0000000000000044, setVersion=2, topologyVersion=TopologyVersion{processId=655e478f5040d512e005fa26, counter=6}, lastWriteDate=Sat Nov 25 23:02:52 COT 2023, lastUpdateTimeNanos=818303266002100}
2023-11-25T23:02:52.199-05:00  INFO 21908 --- [ngodb.net:27017] org.mongodb.driver.cluster               : Discovered replica set primary ac-ttiuich-shard-00-02.ykzzknj.mongodb.net:27017 with max election id 7fffffff0000000000000044 and max set version 2
]]></system-out>
  </testcase>
</testsuite>